<?xml version="1.0" encoding="UTF-8"?>
<!-- Generated by org.testng.reporters.JUnitReportReporter -->
<testsuite hostname="RAJU" failures="0" tests="1" name="com.ninza.hrm.api.projecttest.CreateProjectThroughFrontEnd" time="11.797" errors="0" timestamp="2024-11-27T11:05:18 IST" skipped="0">
  <testcase classname="com.ninza.hrm.api.projecttest.CreateProjectThroughFrontEnd" name="createProjectFE" time="11.797"/>
  <system-out/>
</testsuite> <!-- com.ninza.hrm.api.projecttest.CreateProjectThroughFrontEnd -->
