<?xml version="1.0" encoding="UTF-8"?>
<!-- Generated by org.testng.reporters.JUnitReportReporter -->
<testsuite hostname="RAJU" failures="0" tests="2" name="com.ninza.hrm.api.employyetest.EmployeTest" time="0.476" errors="0" timestamp="2024-11-26T12:46:47 IST" skipped="0">
  <testcase classname="com.ninza.hrm.api.employyetest.EmployeTest" name="addEmployeWithOutEmailTest" time="0.114"/>
  <system-out/>
  <testcase classname="com.ninza.hrm.api.employyetest.EmployeTest" name="addEmployeeTest" time="0.362"/>
  <system-out/>
</testsuite> <!-- com.ninza.hrm.api.employyetest.EmployeTest -->
